[ 2018-07-02T09:06:47+08:00 ] ::1 /admin.php
INFO: [ app_init ] --START--
INFO: Run Behavior\BuildLiteBehavior [ RunTime:0.000017s ]
INFO: [ app_init ] --END-- [ RunTime:0.000752s ]
INFO: [ app_begin ] --START--
INFO: Run Behavior\ReadHtmlCacheBehavior [ RunTime:0.000971s ]
INFO: [ app_begin ] --END-- [ RunTime:0.001091s ]
NOTIC: [8] Undefined variable: sing_path D:\software\phpStudy\WWW\singcms\ThinkPHP\Common\functions.php 第 991 行.
NOTIC: [8] Undefined variable: module D:\software\phpStudy\WWW\singcms\ThinkPHP\Common\functions.php 第 994 行.
NOTIC: [8] Undefined variable: var D:\software\phpStudy\WWW\singcms\ThinkPHP\Common\functions.php 第 997 行.
NOTIC: [2] array_reverse() expects parameter 1 to be array, null given D:\software\phpStudy\WWW\singcms\ThinkPHP\Common\functions.php 第 997 行.
NOTIC: [2] http_build_query() [<a href='function.http-build-query'>function.http-build-query</a>]: Parameter 1 expected to be Array or Object.  Incorrect value given D:\software\phpStudy\WWW\singcms\ThinkPHP\Common\functions.php 第 997 行.

[ 2018-07-02T09:06:47+08:00 ] ::1 /admin.php?&c=login
INFO: [ app_init ] --START--
INFO: Run Behavior\BuildLiteBehavior [ RunTime:0.000021s ]
INFO: [ app_init ] --END-- [ RunTime:0.000569s ]
INFO: [ app_begin ] --START--
INFO: Run Behavior\ReadHtmlCacheBehavior [ RunTime:0.000719s ]
INFO: [ app_begin ] --END-- [ RunTime:0.000802s ]
INFO: [ view_parse ] --START--
INFO: [ template_filter ] --START--
INFO: Run Behavior\ContentReplaceBehavior [ RunTime:0.000064s ]
INFO: [ template_filter ] --END-- [ RunTime:0.000203s ]
INFO: Run Behavior\ParseTemplateBehavior [ RunTime:0.121607s ]
INFO: [ view_parse ] --END-- [ RunTime:0.121693s ]
INFO: [ view_filter ] --START--
INFO: Run Behavior\WriteHtmlCacheBehavior [ RunTime:0.015058s ]
INFO: [ view_filter ] --END-- [ RunTime:0.015139s ]
INFO: [ app_end ] --START--
INFO: Run Behavior\ShowPageTraceBehavior [ RunTime:0.011172s ]
INFO: [ app_end ] --END-- [ RunTime:0.011263s ]

[ 2018-07-02T09:07:11+08:00 ] ::1 /admin.php?c=login&a=check
INFO: [ app_init ] --START--
INFO: Run Behavior\BuildLiteBehavior [ RunTime:0.000021s ]
INFO: [ app_init ] --END-- [ RunTime:0.000467s ]
INFO: [ app_begin ] --START--
INFO: Run Behavior\ReadHtmlCacheBehavior [ RunTime:0.000592s ]
INFO: [ app_begin ] --END-- [ RunTime:0.000656s ]
SQL: SHOW COLUMNS FROM `cms_admin` [ RunTime:0.0335s ]
SQL: SELECT * FROM `cms_admin` WHERE ( username="admin" ) LIMIT 1   [ RunTime:0.0004s ]
SQL: UPDATE `cms_admin` SET `lastlogintime`='1530493631' WHERE ( admin_id=1 ) [ RunTime:0.0015s ]

[ 2018-07-02T09:07:13+08:00 ] ::1 /admin.php?c=index
INFO: [ app_init ] --START--
INFO: Run Behavior\BuildLiteBehavior [ RunTime:0.000022s ]
INFO: [ app_init ] --END-- [ RunTime:0.000597s ]
INFO: [ app_begin ] --START--
INFO: Run Behavior\ReadHtmlCacheBehavior [ RunTime:0.000868s ]
INFO: [ app_begin ] --END-- [ RunTime:0.000966s ]
NOTIC: [2048] Declaration of Common\Model\NewsModel::find() should be compatible with that of Think\Model::find() D:\software\phpStudy\WWW\singcms\Application\Common\Model\NewsModel.class.php 第 9 行.
SQL: SHOW COLUMNS FROM `cms_news` [ RunTime:0.0535s ]
SQL: SELECT * FROM `cms_news` WHERE `status` = 1 ORDER BY count desc LIMIT 1   [ RunTime:0.0004s ]
SQL: SELECT COUNT(*) AS tp_count FROM `cms_news` WHERE `status` <> -1 LIMIT 1   [ RunTime:0.0005s ]
NOTIC: [2048] Declaration of Common\Model\PositionModel::find() should be compatible with that of Think\Model::find() D:\software\phpStudy\WWW\singcms\Application\Common\Model\PositionModel.class.php 第 81 行.
SQL: SHOW COLUMNS FROM `cms_position` [ RunTime:0.0342s ]
SQL: SELECT COUNT(*) AS tp_count FROM `cms_position` WHERE `status` = 1 LIMIT 1   [ RunTime:0.0003s ]
SQL: SHOW COLUMNS FROM `cms_admin` [ RunTime:0.0323s ]
SQL: SELECT COUNT(*) AS tp_count FROM `cms_admin` WHERE `status` = 1 AND `lastlogintime` > 1530460800 LIMIT 1   [ RunTime:0.0004s ]
INFO: [ view_parse ] --START--
INFO: [ template_filter ] --START--
INFO: Run Behavior\ContentReplaceBehavior [ RunTime:0.000061s ]
INFO: [ template_filter ] --END-- [ RunTime:0.000127s ]
NOTIC: [2048] Declaration of Common\Model\MenuModel::find() should be compatible with that of Think\Model::find() D:\software\phpStudy\WWW\singcms\Application\Common\Model\MenuModel.class.php 第 92 行.
SQL: SHOW COLUMNS FROM `cms_menu` [ RunTime:0.0380s ]
SQL: SELECT * FROM `cms_menu` WHERE `status` <> -1 AND `type` = 1 ORDER BY listorder desc,menu_id desc  [ RunTime:0.0004s ]
NOTIC: [8] Undefined index: a D:\software\phpStudy\WWW\singcms\Application\Common\Common\function.php 第 33 行.
NOTIC: [8] Undefined index: a D:\software\phpStudy\WWW\singcms\Application\Common\Common\function.php 第 33 行.
NOTIC: [8] Undefined index: a D:\software\phpStudy\WWW\singcms\Application\Common\Common\function.php 第 33 行.
NOTIC: [8] Undefined index: a D:\software\phpStudy\WWW\singcms\Application\Common\Common\function.php 第 33 行.
NOTIC: [8] Undefined index: a D:\software\phpStudy\WWW\singcms\Application\Common\Common\function.php 第 33 行.
NOTIC: [8] Undefined index: a D:\software\phpStudy\WWW\singcms\Application\Common\Common\function.php 第 33 行.
INFO: Run Behavior\ParseTemplateBehavior [ RunTime:0.140552s ]
INFO: [ view_parse ] --END-- [ RunTime:0.140647s ]
INFO: [ view_filter ] --START--
INFO: Run Behavior\WriteHtmlCacheBehavior [ RunTime:0.001022s ]
INFO: [ view_filter ] --END-- [ RunTime:0.001080s ]
INFO: [ app_end ] --START--
INFO: Run Behavior\ShowPageTraceBehavior [ RunTime:0.001717s ]
INFO: [ app_end ] --END-- [ RunTime:0.001814s ]

[ 2018-07-02T09:07:15+08:00 ] ::1 /admin.php?c=menu
INFO: [ app_init ] --START--
INFO: Run Behavior\BuildLiteBehavior [ RunTime:0.000015s ]
INFO: [ app_init ] --END-- [ RunTime:0.000546s ]
INFO: [ app_begin ] --START--
INFO: Run Behavior\ReadHtmlCacheBehavior [ RunTime:0.000897s ]
INFO: [ app_begin ] --END-- [ RunTime:0.000962s ]
NOTIC: [2048] Declaration of Admin\Controller\MenuController::setStatus() should be compatible with that of Admin\Controller\CommonController::setStatus() D:\software\phpStudy\WWW\singcms\Application\Admin\Controller\MenuController.class.php 第 9 行.
NOTIC: [2048] Declaration of Admin\Controller\MenuController::listorder() should be compatible with that of Admin\Controller\CommonController::listorder() D:\software\phpStudy\WWW\singcms\Application\Admin\Controller\MenuController.class.php 第 9 行.
NOTIC: [8] Undefined index: p D:\software\phpStudy\WWW\singcms\Application\Admin\Controller\MenuController.class.php 第 51 行.
NOTIC: [8] Undefined index: pageSize D:\software\phpStudy\WWW\singcms\Application\Admin\Controller\MenuController.class.php 第 52 行.
NOTIC: [2048] Declaration of Common\Model\MenuModel::find() should be compatible with that of Think\Model::find() D:\software\phpStudy\WWW\singcms\Application\Common\Model\MenuModel.class.php 第 5 行.
SQL: SHOW COLUMNS FROM `cms_menu` [ RunTime:0.0297s ]
SQL: SELECT * FROM `cms_menu` WHERE `status` <> -1 ORDER BY listorder desc,menu_id desc LIMIT 0,3   [ RunTime:0.0003s ]
SQL: SELECT COUNT(*) AS tp_count FROM `cms_menu` WHERE `status` <> -1 LIMIT 1   [ RunTime:0.0002s ]
NOTIC: [8] Undefined variable: sing_path D:\software\phpStudy\WWW\singcms\ThinkPHP\Common\functions.php 第 991 行.
INFO: [ view_parse ] --START--
INFO: [ template_filter ] --START--
INFO: Run Behavior\ContentReplaceBehavior [ RunTime:0.000095s ]
INFO: [ template_filter ] --END-- [ RunTime:0.000182s ]
SQL: SELECT * FROM `cms_menu` WHERE `status` <> -1 AND `type` = 1 ORDER BY listorder desc,menu_id desc  [ RunTime:0.0004s ]
NOTIC: [8] Undefined index: a D:\software\phpStudy\WWW\singcms\Application\Common\Common\function.php 第 33 行.
NOTIC: [8] Undefined index: a D:\software\phpStudy\WWW\singcms\Application\Common\Common\function.php 第 33 行.
NOTIC: [8] Undefined index: a D:\software\phpStudy\WWW\singcms\Application\Common\Common\function.php 第 33 行.
NOTIC: [8] Undefined index: a D:\software\phpStudy\WWW\singcms\Application\Common\Common\function.php 第 33 行.
NOTIC: [8] Undefined index: a D:\software\phpStudy\WWW\singcms\Application\Common\Common\function.php 第 33 行.
NOTIC: [8] Undefined index: a D:\software\phpStudy\WWW\singcms\Application\Common\Common\function.php 第 33 行.
NOTIC: [8] Undefined variable: nav D:\software\phpStudy\WWW\singcms\Application\Runtime\Cache\Admin\b956215329b6f9aca22277599a4efdfc.php 第 101 行.
INFO: Run Behavior\ParseTemplateBehavior [ RunTime:0.059198s ]
INFO: [ view_parse ] --END-- [ RunTime:0.059297s ]
INFO: [ view_filter ] --START--
INFO: Run Behavior\WriteHtmlCacheBehavior [ RunTime:0.000758s ]
INFO: [ view_filter ] --END-- [ RunTime:0.000813s ]
INFO: [ app_end ] --START--
INFO: Run Behavior\ShowPageTraceBehavior [ RunTime:0.001706s ]
INFO: [ app_end ] --END-- [ RunTime:0.001816s ]

[ 2018-07-02T09:07:17+08:00 ] ::1 /admin.php?c=content
INFO: [ app_init ] --START--
INFO: Run Behavior\BuildLiteBehavior [ RunTime:0.000028s ]
INFO: [ app_init ] --END-- [ RunTime:0.000771s ]
INFO: [ app_begin ] --START--
INFO: Run Behavior\ReadHtmlCacheBehavior [ RunTime:0.000955s ]
INFO: [ app_begin ] --END-- [ RunTime:0.001076s ]
NOTIC: [2048] Declaration of Admin\Controller\ContentController::setStatus() should be compatible with that of Admin\Controller\CommonController::setStatus() D:\software\phpStudy\WWW\singcms\Application\Admin\Controller\ContentController.class.php 第 12 行.
NOTIC: [2048] Declaration of Admin\Controller\ContentController::listorder() should be compatible with that of Admin\Controller\CommonController::listorder() D:\software\phpStudy\WWW\singcms\Application\Admin\Controller\ContentController.class.php 第 12 行.
NOTIC: [8] Undefined index: title D:\software\phpStudy\WWW\singcms\Application\Admin\Controller\ContentController.class.php 第 16 行.
NOTIC: [8] Undefined index: catid D:\software\phpStudy\WWW\singcms\Application\Admin\Controller\ContentController.class.php 第 20 行.
NOTIC: [8] Undefined index: p D:\software\phpStudy\WWW\singcms\Application\Admin\Controller\ContentController.class.php 第 24 行.
NOTIC: [2048] Declaration of Common\Model\NewsModel::find() should be compatible with that of Think\Model::find() D:\software\phpStudy\WWW\singcms\Application\Common\Model\NewsModel.class.php 第 9 行.
SQL: SHOW COLUMNS FROM `cms_news` [ RunTime:0.0498s ]
SQL: SELECT * FROM `cms_news` WHERE `status` <> -1 ORDER BY listorder desc ,news_id desc LIMIT 0,10   [ RunTime:0.0006s ]
SQL: SELECT COUNT(*) AS tp_count FROM `cms_news` WHERE `status` <> -1 LIMIT 1   [ RunTime:0.0004s ]
NOTIC: [8] Undefined variable: sing_path D:\software\phpStudy\WWW\singcms\ThinkPHP\Common\functions.php 第 991 行.
NOTIC: [2048] Declaration of Common\Model\PositionModel::find() should be compatible with that of Think\Model::find() D:\software\phpStudy\WWW\singcms\Application\Common\Model\PositionModel.class.php 第 81 行.
SQL: SHOW COLUMNS FROM `cms_position` [ RunTime:0.0393s ]
SQL: SELECT * FROM `cms_position` WHERE `status` = 1 ORDER BY id  [ RunTime:0.0004s ]
NOTIC: [2048] Declaration of Common\Model\MenuModel::find() should be compatible with that of Think\Model::find() D:\software\phpStudy\WWW\singcms\Application\Common\Model\MenuModel.class.php 第 92 行.
SQL: SHOW COLUMNS FROM `cms_menu` [ RunTime:0.0359s ]
SQL: SELECT * FROM `cms_menu` WHERE `status` = 1 AND `type` = 0 ORDER BY listorder desc,menu_id desc  [ RunTime:0.0005s ]
INFO: [ view_parse ] --START--
INFO: [ template_filter ] --START--
INFO: Run Behavior\ContentReplaceBehavior [ RunTime:0.000146s ]
INFO: [ template_filter ] --END-- [ RunTime:0.000361s ]
SQL: SELECT * FROM `cms_menu` WHERE `status` <> -1 AND `type` = 1 ORDER BY listorder desc,menu_id desc  [ RunTime:0.0006s ]
NOTIC: [8] Undefined index: a D:\software\phpStudy\WWW\singcms\Application\Common\Common\function.php 第 33 行.
NOTIC: [8] Undefined index: a D:\software\phpStudy\WWW\singcms\Application\Common\Common\function.php 第 33 行.
NOTIC: [8] Undefined index: a D:\software\phpStudy\WWW\singcms\Application\Common\Common\function.php 第 33 行.
NOTIC: [8] Undefined index: a D:\software\phpStudy\WWW\singcms\Application\Common\Common\function.php 第 33 行.
NOTIC: [8] Undefined index: a D:\software\phpStudy\WWW\singcms\Application\Common\Common\function.php 第 33 行.
NOTIC: [8] Undefined index: a D:\software\phpStudy\WWW\singcms\Application\Common\Common\function.php 第 33 行.
INFO: Run Behavior\ParseTemplateBehavior [ RunTime:0.103359s ]
INFO: [ view_parse ] --END-- [ RunTime:0.103473s ]
INFO: [ view_filter ] --START--
INFO: Run Behavior\WriteHtmlCacheBehavior [ RunTime:0.001082s ]
INFO: [ view_filter ] --END-- [ RunTime:0.001193s ]
INFO: [ app_end ] --START--
INFO: Run Behavior\ShowPageTraceBehavior [ RunTime:0.001904s ]
INFO: [ app_end ] --END-- [ RunTime:0.002014s ]

[ 2018-07-02T09:07:20+08:00 ] ::1 /admin.php?c=position
INFO: [ app_init ] --START--
INFO: Run Behavior\BuildLiteBehavior [ RunTime:0.000025s ]
INFO: [ app_init ] --END-- [ RunTime:0.000748s ]
INFO: [ app_begin ] --START--
INFO: Run Behavior\ReadHtmlCacheBehavior [ RunTime:0.000620s ]
INFO: [ app_begin ] --END-- [ RunTime:0.000696s ]
NOTIC: [2048] Declaration of Admin\Controller\PositionController::setStatus() should be compatible with that of Admin\Controller\CommonController::setStatus() D:\software\phpStudy\WWW\singcms\Application\Admin\Controller\PositionController.class.php 第 7 行.
NOTIC: [2048] Declaration of Common\Model\PositionModel::find() should be compatible with that of Think\Model::find() D:\software\phpStudy\WWW\singcms\Application\Common\Model\PositionModel.class.php 第 9 行.
SQL: SHOW COLUMNS FROM `cms_position` [ RunTime:0.0336s ]
SQL: SELECT * FROM `cms_position` WHERE `status` <> -1 ORDER BY id  [ RunTime:0.0004s ]
INFO: [ view_parse ] --START--
INFO: [ template_filter ] --START--
INFO: Run Behavior\ContentReplaceBehavior [ RunTime:0.000067s ]
INFO: [ template_filter ] --END-- [ RunTime:0.000142s ]
NOTIC: [2048] Declaration of Common\Model\MenuModel::find() should be compatible with that of Think\Model::find() D:\software\phpStudy\WWW\singcms\Application\Common\Model\MenuModel.class.php 第 92 行.
SQL: SHOW COLUMNS FROM `cms_menu` [ RunTime:0.0223s ]
SQL: SELECT * FROM `cms_menu` WHERE `status` <> -1 AND `type` = 1 ORDER BY listorder desc,menu_id desc  [ RunTime:0.0004s ]
NOTIC: [8] Undefined index: a D:\software\phpStudy\WWW\singcms\Application\Common\Common\function.php 第 33 行.
NOTIC: [8] Undefined index: a D:\software\phpStudy\WWW\singcms\Application\Common\Common\function.php 第 33 行.
NOTIC: [8] Undefined index: a D:\software\phpStudy\WWW\singcms\Application\Common\Common\function.php 第 33 行.
NOTIC: [8] Undefined index: a D:\software\phpStudy\WWW\singcms\Application\Common\Common\function.php 第 33 行.
NOTIC: [8] Undefined index: a D:\software\phpStudy\WWW\singcms\Application\Common\Common\function.php 第 33 行.
NOTIC: [8] Undefined index: a D:\software\phpStudy\WWW\singcms\Application\Common\Common\function.php 第 33 行.
INFO: Run Behavior\ParseTemplateBehavior [ RunTime:0.093886s ]
INFO: [ view_parse ] --END-- [ RunTime:0.094006s ]
INFO: [ view_filter ] --START--
INFO: Run Behavior\WriteHtmlCacheBehavior [ RunTime:0.000886s ]
INFO: [ view_filter ] --END-- [ RunTime:0.000977s ]
INFO: [ app_end ] --START--
INFO: Run Behavior\ShowPageTraceBehavior [ RunTime:0.001799s ]
INFO: [ app_end ] --END-- [ RunTime:0.001896s ]

[ 2018-07-02T09:07:22+08:00 ] ::1 /admin.php?c=positioncontent
INFO: [ app_init ] --START--
INFO: Run Behavior\BuildLiteBehavior [ RunTime:0.000018s ]
INFO: [ app_init ] --END-- [ RunTime:0.000512s ]
INFO: [ app_begin ] --START--
INFO: Run Behavior\ReadHtmlCacheBehavior [ RunTime:0.000658s ]
INFO: [ app_begin ] --END-- [ RunTime:0.000732s ]
NOTIC: [2048] Declaration of Admin\Controller\PositioncontentController::setStatus() should be compatible with that of Admin\Controller\CommonController::setStatus() D:\software\phpStudy\WWW\singcms\Application\Admin\Controller\PositioncontentController.class.php 第 9 行.
NOTIC: [2048] Declaration of Admin\Controller\PositioncontentController::listorder() should be compatible with that of Admin\Controller\CommonController::listorder() D:\software\phpStudy\WWW\singcms\Application\Admin\Controller\PositioncontentController.class.php 第 9 行.
NOTIC: [2048] Declaration of Common\Model\PositionModel::find() should be compatible with that of Think\Model::find() D:\software\phpStudy\WWW\singcms\Application\Common\Model\PositionModel.class.php 第 9 行.
SQL: SHOW COLUMNS FROM `cms_position` [ RunTime:0.0377s ]
SQL: SELECT * FROM `cms_position` WHERE `status` = 1 ORDER BY id  [ RunTime:0.0004s ]
NOTIC: [8] Undefined index: title D:\software\phpStudy\WWW\singcms\Application\Admin\Controller\PositioncontentController.class.php 第 14 行.
NOTIC: [8] Undefined index: position_id D:\software\phpStudy\WWW\singcms\Application\Admin\Controller\PositioncontentController.class.php 第 18 行.
NOTIC: [2048] Declaration of Common\Model\PositionContentModel::find() should be compatible with that of Think\Model::find() D:\software\phpStudy\WWW\singcms\Application\Common\Model\PositionContentModel.class.php 第 89 行.
SQL: SHOW COLUMNS FROM `cms_position_content` [ RunTime:0.0301s ]
NOTIC: [8] Undefined index: title D:\software\phpStudy\WWW\singcms\Application\Common\Model\PositionContentModel.class.php 第 18 行.
SQL: SELECT * FROM `cms_position_content` WHERE `status` <> -1 AND `position_id` = 2 ORDER BY listorder desc ,id desc  [ RunTime:0.0005s ]
INFO: [ view_parse ] --START--
INFO: [ template_filter ] --START--
INFO: Run Behavior\ContentReplaceBehavior [ RunTime:0.000061s ]
INFO: [ template_filter ] --END-- [ RunTime:0.000122s ]
NOTIC: [2048] Declaration of Common\Model\MenuModel::find() should be compatible with that of Think\Model::find() D:\software\phpStudy\WWW\singcms\Application\Common\Model\MenuModel.class.php 第 92 行.
SQL: SHOW COLUMNS FROM `cms_menu` [ RunTime:0.0378s ]
SQL: SELECT * FROM `cms_menu` WHERE `status` <> -1 AND `type` = 1 ORDER BY listorder desc,menu_id desc  [ RunTime:0.0004s ]
NOTIC: [8] Undefined index: a D:\software\phpStudy\WWW\singcms\Application\Common\Common\function.php 第 33 行.
NOTIC: [8] Undefined index: a D:\software\phpStudy\WWW\singcms\Application\Common\Common\function.php 第 33 行.
NOTIC: [8] Undefined index: a D:\software\phpStudy\WWW\singcms\Application\Common\Common\function.php 第 33 行.
NOTIC: [8] Undefined index: a D:\software\phpStudy\WWW\singcms\Application\Common\Common\function.php 第 33 行.
NOTIC: [8] Undefined index: a D:\software\phpStudy\WWW\singcms\Application\Common\Common\function.php 第 33 行.
NOTIC: [8] Undefined index: a D:\software\phpStudy\WWW\singcms\Application\Common\Common\function.php 第 33 行.
NOTIC: [8] Undefined variable: title D:\software\phpStudy\WWW\singcms\Application\Runtime\Cache\Admin\b8a8b9d170e6c07d7b463ea02385894d.php 第 120 行.
INFO: Run Behavior\ParseTemplateBehavior [ RunTime:0.109571s ]
INFO: [ view_parse ] --END-- [ RunTime:0.109632s ]
INFO: [ view_filter ] --START--
INFO: Run Behavior\WriteHtmlCacheBehavior [ RunTime:0.000599s ]
INFO: [ view_filter ] --END-- [ RunTime:0.000652s ]
INFO: [ app_end ] --START--
INFO: Run Behavior\ShowPageTraceBehavior [ RunTime:0.001248s ]
INFO: [ app_end ] --END-- [ RunTime:0.001318s ]

[ 2018-07-02T09:07:23+08:00 ] ::1 /admin.php?c=admin
INFO: [ app_init ] --START--
INFO: Run Behavior\BuildLiteBehavior [ RunTime:0.000014s ]
INFO: [ app_init ] --END-- [ RunTime:0.000404s ]
INFO: [ app_begin ] --START--
INFO: Run Behavior\ReadHtmlCacheBehavior [ RunTime:0.000513s ]
INFO: [ app_begin ] --END-- [ RunTime:0.000574s ]
NOTIC: [2048] Declaration of Admin\Controller\AdminController::setStatus() should be compatible with that of Admin\Controller\CommonController::setStatus() D:\software\phpStudy\WWW\singcms\Application\Admin\Controller\AdminController.class.php 第 9 行.
SQL: SHOW COLUMNS FROM `cms_admin` [ RunTime:0.0306s ]
SQL: SELECT * FROM `cms_admin` WHERE `status` <> -1 ORDER BY admin_id desc  [ RunTime:0.0004s ]
INFO: [ view_parse ] --START--
INFO: [ template_filter ] --START--
INFO: Run Behavior\ContentReplaceBehavior [ RunTime:0.000060s ]
INFO: [ template_filter ] --END-- [ RunTime:0.000163s ]
NOTIC: [2048] Declaration of Common\Model\MenuModel::find() should be compatible with that of Think\Model::find() D:\software\phpStudy\WWW\singcms\Application\Common\Model\MenuModel.class.php 第 92 行.
SQL: SHOW COLUMNS FROM `cms_menu` [ RunTime:0.0216s ]
SQL: SELECT * FROM `cms_menu` WHERE `status` <> -1 AND `type` = 1 ORDER BY listorder desc,menu_id desc  [ RunTime:0.0005s ]
NOTIC: [8] Undefined index: a D:\software\phpStudy\WWW\singcms\Application\Common\Common\function.php 第 33 行.
NOTIC: [8] Undefined index: a D:\software\phpStudy\WWW\singcms\Application\Common\Common\function.php 第 33 行.
NOTIC: [8] Undefined index: a D:\software\phpStudy\WWW\singcms\Application\Common\Common\function.php 第 33 行.
NOTIC: [8] Undefined index: a D:\software\phpStudy\WWW\singcms\Application\Common\Common\function.php 第 33 行.
NOTIC: [8] Undefined index: a D:\software\phpStudy\WWW\singcms\Application\Common\Common\function.php 第 33 行.
NOTIC: [8] Undefined index: a D:\software\phpStudy\WWW\singcms\Application\Common\Common\function.php 第 33 行.
NOTIC: [8] Undefined variable: nav D:\software\phpStudy\WWW\singcms\Application\Runtime\Cache\Admin\b682812e058c4f7cab74d08ab9eabe11.php 第 101 行.
INFO: Run Behavior\ParseTemplateBehavior [ RunTime:0.088670s ]
INFO: [ view_parse ] --END-- [ RunTime:0.088750s ]
INFO: [ view_filter ] --START--
INFO: Run Behavior\WriteHtmlCacheBehavior [ RunTime:0.001104s ]
INFO: [ view_filter ] --END-- [ RunTime:0.001207s ]
INFO: [ app_end ] --START--
INFO: Run Behavior\ShowPageTraceBehavior [ RunTime:0.001253s ]
INFO: [ app_end ] --END-- [ RunTime:0.001321s ]

[ 2018-07-02T09:07:26+08:00 ] ::1 /admin.php?c=basic
INFO: [ app_init ] --START--
INFO: Run Behavior\BuildLiteBehavior [ RunTime:0.000026s ]
INFO: [ app_init ] --END-- [ RunTime:0.000678s ]
INFO: [ app_begin ] --START--
INFO: Run Behavior\ReadHtmlCacheBehavior [ RunTime:0.000596s ]
INFO: [ app_begin ] --END-- [ RunTime:0.000671s ]
NOTIC: [2048] Declaration of Common\Model\BasicModel::save() should be compatible with that of Think\Model::save() D:\software\phpStudy\WWW\singcms\Application\Common\Model\BasicModel.class.php 第 9 行.
NOTIC: [2048] Declaration of Common\Model\BasicModel::select() should be compatible with that of Think\Model::select() D:\software\phpStudy\WWW\singcms\Application\Common\Model\BasicModel.class.php 第 9 行.
INFO: [ view_parse ] --START--
INFO: [ template_filter ] --START--
INFO: Run Behavior\ContentReplaceBehavior [ RunTime:0.000059s ]
INFO: [ template_filter ] --END-- [ RunTime:0.000134s ]
NOTIC: [2048] Declaration of Common\Model\MenuModel::find() should be compatible with that of Think\Model::find() D:\software\phpStudy\WWW\singcms\Application\Common\Model\MenuModel.class.php 第 92 行.
SQL: SHOW COLUMNS FROM `cms_menu` [ RunTime:0.0272s ]
SQL: SELECT * FROM `cms_menu` WHERE `status` <> -1 AND `type` = 1 ORDER BY listorder desc,menu_id desc  [ RunTime:0.0004s ]
NOTIC: [8] Undefined index: a D:\software\phpStudy\WWW\singcms\Application\Common\Common\function.php 第 33 行.
NOTIC: [8] Undefined index: a D:\software\phpStudy\WWW\singcms\Application\Common\Common\function.php 第 33 行.
NOTIC: [8] Undefined index: a D:\software\phpStudy\WWW\singcms\Application\Common\Common\function.php 第 33 行.
NOTIC: [8] Undefined index: a D:\software\phpStudy\WWW\singcms\Application\Common\Common\function.php 第 33 行.
NOTIC: [8] Undefined index: a D:\software\phpStudy\WWW\singcms\Application\Common\Common\function.php 第 33 行.
NOTIC: [8] Undefined index: a D:\software\phpStudy\WWW\singcms\Application\Common\Common\function.php 第 33 行.
INFO: Run Behavior\ParseTemplateBehavior [ RunTime:0.096714s ]
INFO: [ view_parse ] --END-- [ RunTime:0.096802s ]
INFO: [ view_filter ] --START--
INFO: Run Behavior\WriteHtmlCacheBehavior [ RunTime:0.000730s ]
INFO: [ view_filter ] --END-- [ RunTime:0.000797s ]
INFO: [ app_end ] --START--
INFO: Run Behavior\ShowPageTraceBehavior [ RunTime:0.001317s ]
INFO: [ app_end ] --END-- [ RunTime:0.001431s ]

[ 2018-07-02T09:07:32+08:00 ] ::1 /admin.php?c=admin
INFO: [ app_init ] --START--
INFO: Run Behavior\BuildLiteBehavior [ RunTime:0.000049s ]
INFO: [ app_init ] --END-- [ RunTime:0.000564s ]
INFO: [ app_begin ] --START--
INFO: Run Behavior\ReadHtmlCacheBehavior [ RunTime:0.000727s ]
INFO: [ app_begin ] --END-- [ RunTime:0.000810s ]
NOTIC: [2048] Declaration of Admin\Controller\AdminController::setStatus() should be compatible with that of Admin\Controller\CommonController::setStatus() D:\software\phpStudy\WWW\singcms\Application\Admin\Controller\AdminController.class.php 第 9 行.
SQL: SHOW COLUMNS FROM `cms_admin` [ RunTime:0.0346s ]
SQL: SELECT * FROM `cms_admin` WHERE `status` <> -1 ORDER BY admin_id desc  [ RunTime:0.0003s ]
INFO: [ view_parse ] --START--
INFO: [ template_filter ] --START--
INFO: Run Behavior\ContentReplaceBehavior [ RunTime:0.000074s ]
INFO: [ template_filter ] --END-- [ RunTime:0.000149s ]
NOTIC: [2048] Declaration of Common\Model\MenuModel::find() should be compatible with that of Think\Model::find() D:\software\phpStudy\WWW\singcms\Application\Common\Model\MenuModel.class.php 第 92 行.
SQL: SHOW COLUMNS FROM `cms_menu` [ RunTime:0.0219s ]
SQL: SELECT * FROM `cms_menu` WHERE `status` <> -1 AND `type` = 1 ORDER BY listorder desc,menu_id desc  [ RunTime:0.0004s ]
NOTIC: [8] Undefined index: a D:\software\phpStudy\WWW\singcms\Application\Common\Common\function.php 第 33 行.
NOTIC: [8] Undefined index: a D:\software\phpStudy\WWW\singcms\Application\Common\Common\function.php 第 33 行.
NOTIC: [8] Undefined index: a D:\software\phpStudy\WWW\singcms\Application\Common\Common\function.php 第 33 行.
NOTIC: [8] Undefined index: a D:\software\phpStudy\WWW\singcms\Application\Common\Common\function.php 第 33 行.
NOTIC: [8] Undefined index: a D:\software\phpStudy\WWW\singcms\Application\Common\Common\function.php 第 33 行.
NOTIC: [8] Undefined index: a D:\software\phpStudy\WWW\singcms\Application\Common\Common\function.php 第 33 行.
NOTIC: [8] Undefined variable: nav D:\software\phpStudy\WWW\singcms\Application\Runtime\Cache\Admin\b682812e058c4f7cab74d08ab9eabe11.php 第 101 行.
INFO: Run Behavior\ParseTemplateBehavior [ RunTime:0.037647s ]
INFO: [ view_parse ] --END-- [ RunTime:0.037734s ]
INFO: [ view_filter ] --START--
INFO: Run Behavior\WriteHtmlCacheBehavior [ RunTime:0.000665s ]
INFO: [ view_filter ] --END-- [ RunTime:0.000730s ]
INFO: [ app_end ] --START--
INFO: Run Behavior\ShowPageTraceBehavior [ RunTime:0.001310s ]
INFO: [ app_end ] --END-- [ RunTime:0.001381s ]

[ 2018-07-02T09:07:37+08:00 ] ::1 /admin.php?c=admin&a=add
INFO: [ app_init ] --START--
INFO: Run Behavior\BuildLiteBehavior [ RunTime:0.000015s ]
INFO: [ app_init ] --END-- [ RunTime:0.000407s ]
INFO: [ app_begin ] --START--
INFO: Run Behavior\ReadHtmlCacheBehavior [ RunTime:0.000546s ]
INFO: [ app_begin ] --END-- [ RunTime:0.000628s ]
NOTIC: [2048] Declaration of Admin\Controller\AdminController::setStatus() should be compatible with that of Admin\Controller\CommonController::setStatus() D:\software\phpStudy\WWW\singcms\Application\Admin\Controller\AdminController.class.php 第 9 行.
INFO: [ view_parse ] --START--
INFO: [ template_filter ] --START--
INFO: Run Behavior\ContentReplaceBehavior [ RunTime:0.000058s ]
INFO: [ template_filter ] --END-- [ RunTime:0.000124s ]
NOTIC: [2048] Declaration of Common\Model\MenuModel::find() should be compatible with that of Think\Model::find() D:\software\phpStudy\WWW\singcms\Application\Common\Model\MenuModel.class.php 第 5 行.
SQL: SHOW COLUMNS FROM `cms_menu` [ RunTime:0.0357s ]
SQL: SELECT * FROM `cms_menu` WHERE `status` <> -1 AND `type` = 1 ORDER BY listorder desc,menu_id desc  [ RunTime:0.0004s ]
NOTIC: [8] Undefined index: a D:\software\phpStudy\WWW\singcms\Application\Common\Common\function.php 第 33 行.
NOTIC: [8] Undefined index: a D:\software\phpStudy\WWW\singcms\Application\Common\Common\function.php 第 33 行.
NOTIC: [8] Undefined index: a D:\software\phpStudy\WWW\singcms\Application\Common\Common\function.php 第 33 行.
NOTIC: [8] Undefined index: a D:\software\phpStudy\WWW\singcms\Application\Common\Common\function.php 第 33 行.
NOTIC: [8] Undefined index: a D:\software\phpStudy\WWW\singcms\Application\Common\Common\function.php 第 33 行.
NOTIC: [8] Undefined index: a D:\software\phpStudy\WWW\singcms\Application\Common\Common\function.php 第 33 行.
INFO: Run Behavior\ParseTemplateBehavior [ RunTime:0.100915s ]
INFO: [ view_parse ] --END-- [ RunTime:0.100976s ]
INFO: [ view_filter ] --START--
INFO: Run Behavior\WriteHtmlCacheBehavior [ RunTime:0.000853s ]
INFO: [ view_filter ] --END-- [ RunTime:0.000958s ]
INFO: [ app_end ] --START--
INFO: Run Behavior\ShowPageTraceBehavior [ RunTime:0.001780s ]
INFO: [ app_end ] --END-- [ RunTime:0.001867s ]

[ 2018-07-02T09:07:42+08:00 ] ::1 /admin.php?c=admin
INFO: [ app_init ] --START--
INFO: Run Behavior\BuildLiteBehavior [ RunTime:0.000017s ]
INFO: [ app_init ] --END-- [ RunTime:0.000518s ]
INFO: [ app_begin ] --START--
INFO: Run Behavior\ReadHtmlCacheBehavior [ RunTime:0.000680s ]
INFO: [ app_begin ] --END-- [ RunTime:0.000769s ]
NOTIC: [2048] Declaration of Admin\Controller\AdminController::setStatus() should be compatible with that of Admin\Controller\CommonController::setStatus() D:\software\phpStudy\WWW\singcms\Application\Admin\Controller\AdminController.class.php 第 9 行.
SQL: SHOW COLUMNS FROM `cms_admin` [ RunTime:0.0318s ]
SQL: SELECT * FROM `cms_admin` WHERE `status` <> -1 ORDER BY admin_id desc  [ RunTime:0.0005s ]
INFO: [ view_parse ] --START--
INFO: [ template_filter ] --START--
INFO: Run Behavior\ContentReplaceBehavior [ RunTime:0.000068s ]
INFO: [ template_filter ] --END-- [ RunTime:0.000137s ]
NOTIC: [2048] Declaration of Common\Model\MenuModel::find() should be compatible with that of Think\Model::find() D:\software\phpStudy\WWW\singcms\Application\Common\Model\MenuModel.class.php 第 92 行.
SQL: SHOW COLUMNS FROM `cms_menu` [ RunTime:0.0222s ]
SQL: SELECT * FROM `cms_menu` WHERE `status` <> -1 AND `type` = 1 ORDER BY listorder desc,menu_id desc  [ RunTime:0.0004s ]
NOTIC: [8] Undefined index: a D:\software\phpStudy\WWW\singcms\Application\Common\Common\function.php 第 33 行.
NOTIC: [8] Undefined index: a D:\software\phpStudy\WWW\singcms\Application\Common\Common\function.php 第 33 行.
NOTIC: [8] Undefined index: a D:\software\phpStudy\WWW\singcms\Application\Common\Common\function.php 第 33 行.
NOTIC: [8] Undefined index: a D:\software\phpStudy\WWW\singcms\Application\Common\Common\function.php 第 33 行.
NOTIC: [8] Undefined index: a D:\software\phpStudy\WWW\singcms\Application\Common\Common\function.php 第 33 行.
NOTIC: [8] Undefined index: a D:\software\phpStudy\WWW\singcms\Application\Common\Common\function.php 第 33 行.
NOTIC: [8] Undefined variable: nav D:\software\phpStudy\WWW\singcms\Application\Runtime\Cache\Admin\b682812e058c4f7cab74d08ab9eabe11.php 第 101 行.
INFO: Run Behavior\ParseTemplateBehavior [ RunTime:0.038842s ]
INFO: [ view_parse ] --END-- [ RunTime:0.038933s ]
INFO: [ view_filter ] --START--
INFO: Run Behavior\WriteHtmlCacheBehavior [ RunTime:0.000697s ]
INFO: [ view_filter ] --END-- [ RunTime:0.000764s ]
INFO: [ app_end ] --START--
INFO: Run Behavior\ShowPageTraceBehavior [ RunTime:0.001337s ]
INFO: [ app_end ] --END-- [ RunTime:0.001411s ]

[ 2018-07-02T09:07:48+08:00 ] ::1 /admin.php?c=position
INFO: [ app_init ] --START--
INFO: Run Behavior\BuildLiteBehavior [ RunTime:0.000018s ]
INFO: [ app_init ] --END-- [ RunTime:0.000703s ]
INFO: [ app_begin ] --START--
INFO: Run Behavior\ReadHtmlCacheBehavior [ RunTime:0.001485s ]
INFO: [ app_begin ] --END-- [ RunTime:0.001570s ]
NOTIC: [2048] Declaration of Admin\Controller\PositionController::setStatus() should be compatible with that of Admin\Controller\CommonController::setStatus() D:\software\phpStudy\WWW\singcms\Application\Admin\Controller\PositionController.class.php 第 7 行.
NOTIC: [2048] Declaration of Common\Model\PositionModel::find() should be compatible with that of Think\Model::find() D:\software\phpStudy\WWW\singcms\Application\Common\Model\PositionModel.class.php 第 9 行.
SQL: SHOW COLUMNS FROM `cms_position` [ RunTime:0.0289s ]
SQL: SELECT * FROM `cms_position` WHERE `status` <> -1 ORDER BY id  [ RunTime:0.0004s ]
INFO: [ view_parse ] --START--
INFO: [ template_filter ] --START--
INFO: Run Behavior\ContentReplaceBehavior [ RunTime:0.000085s ]
INFO: [ template_filter ] --END-- [ RunTime:0.000202s ]
NOTIC: [2048] Declaration of Common\Model\MenuModel::find() should be compatible with that of Think\Model::find() D:\software\phpStudy\WWW\singcms\Application\Common\Model\MenuModel.class.php 第 92 行.
SQL: SHOW COLUMNS FROM `cms_menu` [ RunTime:0.0215s ]
SQL: SELECT * FROM `cms_menu` WHERE `status` <> -1 AND `type` = 1 ORDER BY listorder desc,menu_id desc  [ RunTime:0.0004s ]
NOTIC: [8] Undefined index: a D:\software\phpStudy\WWW\singcms\Application\Common\Common\function.php 第 33 行.
NOTIC: [8] Undefined index: a D:\software\phpStudy\WWW\singcms\Application\Common\Common\function.php 第 33 行.
NOTIC: [8] Undefined index: a D:\software\phpStudy\WWW\singcms\Application\Common\Common\function.php 第 33 行.
NOTIC: [8] Undefined index: a D:\software\phpStudy\WWW\singcms\Application\Common\Common\function.php 第 33 行.
NOTIC: [8] Undefined index: a D:\software\phpStudy\WWW\singcms\Application\Common\Common\function.php 第 33 行.
NOTIC: [8] Undefined index: a D:\software\phpStudy\WWW\singcms\Application\Common\Common\function.php 第 33 行.
INFO: Run Behavior\ParseTemplateBehavior [ RunTime:0.040436s ]
INFO: [ view_parse ] --END-- [ RunTime:0.040540s ]
INFO: [ view_filter ] --START--
INFO: Run Behavior\WriteHtmlCacheBehavior [ RunTime:0.001346s ]
INFO: [ view_filter ] --END-- [ RunTime:0.001426s ]
INFO: [ app_end ] --START--
INFO: Run Behavior\ShowPageTraceBehavior [ RunTime:0.001377s ]
INFO: [ app_end ] --END-- [ RunTime:0.001460s ]

[ 2018-07-02T09:07:49+08:00 ] ::1 /admin.php?c=positioncontent
INFO: [ app_init ] --START--
INFO: Run Behavior\BuildLiteBehavior [ RunTime:0.000014s ]
INFO: [ app_init ] --END-- [ RunTime:0.000405s ]
INFO: [ app_begin ] --START--
INFO: Run Behavior\ReadHtmlCacheBehavior [ RunTime:0.000553s ]
INFO: [ app_begin ] --END-- [ RunTime:0.000622s ]
NOTIC: [2048] Declaration of Admin\Controller\PositioncontentController::setStatus() should be compatible with that of Admin\Controller\CommonController::setStatus() D:\software\phpStudy\WWW\singcms\Application\Admin\Controller\PositioncontentController.class.php 第 9 行.
NOTIC: [2048] Declaration of Admin\Controller\PositioncontentController::listorder() should be compatible with that of Admin\Controller\CommonController::listorder() D:\software\phpStudy\WWW\singcms\Application\Admin\Controller\PositioncontentController.class.php 第 9 行.
NOTIC: [2048] Declaration of Common\Model\PositionModel::find() should be compatible with that of Think\Model::find() D:\software\phpStudy\WWW\singcms\Application\Common\Model\PositionModel.class.php 第 9 行.
SQL: SHOW COLUMNS FROM `cms_position` [ RunTime:0.0273s ]
SQL: SELECT * FROM `cms_position` WHERE `status` = 1 ORDER BY id  [ RunTime:0.0005s ]
NOTIC: [8] Undefined index: title D:\software\phpStudy\WWW\singcms\Application\Admin\Controller\PositioncontentController.class.php 第 14 行.
NOTIC: [8] Undefined index: position_id D:\software\phpStudy\WWW\singcms\Application\Admin\Controller\PositioncontentController.class.php 第 18 行.
NOTIC: [2048] Declaration of Common\Model\PositionContentModel::find() should be compatible with that of Think\Model::find() D:\software\phpStudy\WWW\singcms\Application\Common\Model\PositionContentModel.class.php 第 89 行.
SQL: SHOW COLUMNS FROM `cms_position_content` [ RunTime:0.0224s ]
NOTIC: [8] Undefined index: title D:\software\phpStudy\WWW\singcms\Application\Common\Model\PositionContentModel.class.php 第 18 行.
SQL: SELECT * FROM `cms_position_content` WHERE `status` <> -1 AND `position_id` = 2 ORDER BY listorder desc ,id desc  [ RunTime:0.0004s ]
INFO: [ view_parse ] --START--
INFO: [ template_filter ] --START--
INFO: Run Behavior\ContentReplaceBehavior [ RunTime:0.000076s ]
INFO: [ template_filter ] --END-- [ RunTime:0.000154s ]
NOTIC: [2048] Declaration of Common\Model\MenuModel::find() should be compatible with that of Think\Model::find() D:\software\phpStudy\WWW\singcms\Application\Common\Model\MenuModel.class.php 第 92 行.
SQL: SHOW COLUMNS FROM `cms_menu` [ RunTime:0.0219s ]
SQL: SELECT * FROM `cms_menu` WHERE `status` <> -1 AND `type` = 1 ORDER BY listorder desc,menu_id desc  [ RunTime:0.0004s ]
NOTIC: [8] Undefined index: a D:\software\phpStudy\WWW\singcms\Application\Common\Common\function.php 第 33 行.
NOTIC: [8] Undefined index: a D:\software\phpStudy\WWW\singcms\Application\Common\Common\function.php 第 33 行.
NOTIC: [8] Undefined index: a D:\software\phpStudy\WWW\singcms\Application\Common\Common\function.php 第 33 行.
NOTIC: [8] Undefined index: a D:\software\phpStudy\WWW\singcms\Application\Common\Common\function.php 第 33 行.
NOTIC: [8] Undefined index: a D:\software\phpStudy\WWW\singcms\Application\Common\Common\function.php 第 33 行.
NOTIC: [8] Undefined index: a D:\software\phpStudy\WWW\singcms\Application\Common\Common\function.php 第 33 行.
NOTIC: [8] Undefined variable: title D:\software\phpStudy\WWW\singcms\Application\Runtime\Cache\Admin\b8a8b9d170e6c07d7b463ea02385894d.php 第 120 行.
INFO: Run Behavior\ParseTemplateBehavior [ RunTime:0.086244s ]
INFO: [ view_parse ] --END-- [ RunTime:0.086314s ]
INFO: [ view_filter ] --START--
INFO: Run Behavior\WriteHtmlCacheBehavior [ RunTime:0.001001s ]
INFO: [ view_filter ] --END-- [ RunTime:0.001068s ]
INFO: [ app_end ] --START--
INFO: Run Behavior\ShowPageTraceBehavior [ RunTime:0.001497s ]
INFO: [ app_end ] --END-- [ RunTime:0.001583s ]

[ 2018-07-02T09:07:50+08:00 ] ::1 /admin.php?c=admin
INFO: [ app_init ] --START--
INFO: Run Behavior\BuildLiteBehavior [ RunTime:0.000028s ]
INFO: [ app_init ] --END-- [ RunTime:0.000837s ]
INFO: [ app_begin ] --START--
INFO: Run Behavior\ReadHtmlCacheBehavior [ RunTime:0.000668s ]
INFO: [ app_begin ] --END-- [ RunTime:0.000751s ]
NOTIC: [2048] Declaration of Admin\Controller\AdminController::setStatus() should be compatible with that of Admin\Controller\CommonController::setStatus() D:\software\phpStudy\WWW\singcms\Application\Admin\Controller\AdminController.class.php 第 9 行.
SQL: SHOW COLUMNS FROM `cms_admin` [ RunTime:0.0289s ]
SQL: SELECT * FROM `cms_admin` WHERE `status` <> -1 ORDER BY admin_id desc  [ RunTime:0.0004s ]
INFO: [ view_parse ] --START--
INFO: [ template_filter ] --START--
INFO: Run Behavior\ContentReplaceBehavior [ RunTime:0.000118s ]
INFO: [ template_filter ] --END-- [ RunTime:0.000219s ]
NOTIC: [2048] Declaration of Common\Model\MenuModel::find() should be compatible with that of Think\Model::find() D:\software\phpStudy\WWW\singcms\Application\Common\Model\MenuModel.class.php 第 92 行.
SQL: SHOW COLUMNS FROM `cms_menu` [ RunTime:0.0237s ]
SQL: SELECT * FROM `cms_menu` WHERE `status` <> -1 AND `type` = 1 ORDER BY listorder desc,menu_id desc  [ RunTime:0.0005s ]
NOTIC: [8] Undefined index: a D:\software\phpStudy\WWW\singcms\Application\Common\Common\function.php 第 33 行.
NOTIC: [8] Undefined index: a D:\software\phpStudy\WWW\singcms\Application\Common\Common\function.php 第 33 行.
NOTIC: [8] Undefined index: a D:\software\phpStudy\WWW\singcms\Application\Common\Common\function.php 第 33 行.
NOTIC: [8] Undefined index: a D:\software\phpStudy\WWW\singcms\Application\Common\Common\function.php 第 33 行.
NOTIC: [8] Undefined index: a D:\software\phpStudy\WWW\singcms\Application\Common\Common\function.php 第 33 行.
NOTIC: [8] Undefined index: a D:\software\phpStudy\WWW\singcms\Application\Common\Common\function.php 第 33 行.
NOTIC: [8] Undefined variable: nav D:\software\phpStudy\WWW\singcms\Application\Runtime\Cache\Admin\b682812e058c4f7cab74d08ab9eabe11.php 第 101 行.
INFO: Run Behavior\ParseTemplateBehavior [ RunTime:0.043718s ]
INFO: [ view_parse ] --END-- [ RunTime:0.043827s ]
INFO: [ view_filter ] --START--
INFO: Run Behavior\WriteHtmlCacheBehavior [ RunTime:0.001327s ]
INFO: [ view_filter ] --END-- [ RunTime:0.001432s ]
INFO: [ app_end ] --START--
INFO: Run Behavior\ShowPageTraceBehavior [ RunTime:0.001880s ]
INFO: [ app_end ] --END-- [ RunTime:0.001988s ]

[ 2018-07-02T09:07:51+08:00 ] ::1 /admin.php?c=basic
INFO: [ app_init ] --START--
INFO: Run Behavior\BuildLiteBehavior [ RunTime:0.000019s ]
INFO: [ app_init ] --END-- [ RunTime:0.000589s ]
INFO: [ app_begin ] --START--
INFO: Run Behavior\ReadHtmlCacheBehavior [ RunTime:0.000705s ]
INFO: [ app_begin ] --END-- [ RunTime:0.000784s ]
NOTIC: [2048] Declaration of Common\Model\BasicModel::save() should be compatible with that of Think\Model::save() D:\software\phpStudy\WWW\singcms\Application\Common\Model\BasicModel.class.php 第 9 行.
NOTIC: [2048] Declaration of Common\Model\BasicModel::select() should be compatible with that of Think\Model::select() D:\software\phpStudy\WWW\singcms\Application\Common\Model\BasicModel.class.php 第 9 行.
INFO: [ view_parse ] --START--
INFO: [ template_filter ] --START--
INFO: Run Behavior\ContentReplaceBehavior [ RunTime:0.000065s ]
INFO: [ template_filter ] --END-- [ RunTime:0.000136s ]
NOTIC: [2048] Declaration of Common\Model\MenuModel::find() should be compatible with that of Think\Model::find() D:\software\phpStudy\WWW\singcms\Application\Common\Model\MenuModel.class.php 第 92 行.
SQL: SHOW COLUMNS FROM `cms_menu` [ RunTime:0.0355s ]
SQL: SELECT * FROM `cms_menu` WHERE `status` <> -1 AND `type` = 1 ORDER BY listorder desc,menu_id desc  [ RunTime:0.0004s ]
NOTIC: [8] Undefined index: a D:\software\phpStudy\WWW\singcms\Application\Common\Common\function.php 第 33 行.
NOTIC: [8] Undefined index: a D:\software\phpStudy\WWW\singcms\Application\Common\Common\function.php 第 33 行.
NOTIC: [8] Undefined index: a D:\software\phpStudy\WWW\singcms\Application\Common\Common\function.php 第 33 行.
NOTIC: [8] Undefined index: a D:\software\phpStudy\WWW\singcms\Application\Common\Common\function.php 第 33 行.
NOTIC: [8] Undefined index: a D:\software\phpStudy\WWW\singcms\Application\Common\Common\function.php 第 33 行.
NOTIC: [8] Undefined index: a D:\software\phpStudy\WWW\singcms\Application\Common\Common\function.php 第 33 行.
INFO: Run Behavior\ParseTemplateBehavior [ RunTime:0.057859s ]
INFO: [ view_parse ] --END-- [ RunTime:0.057942s ]
INFO: [ view_filter ] --START--
INFO: Run Behavior\WriteHtmlCacheBehavior [ RunTime:0.001297s ]
INFO: [ view_filter ] --END-- [ RunTime:0.001406s ]
INFO: [ app_end ] --START--
INFO: Run Behavior\ShowPageTraceBehavior [ RunTime:0.001786s ]
INFO: [ app_end ] --END-- [ RunTime:0.001870s ]

[ 2018-07-02T09:07:53+08:00 ] ::1 /admin.php
INFO: [ app_init ] --START--
INFO: Run Behavior\BuildLiteBehavior [ RunTime:0.000023s ]
INFO: [ app_init ] --END-- [ RunTime:0.000720s ]
INFO: [ app_begin ] --START--
INFO: Run Behavior\ReadHtmlCacheBehavior [ RunTime:0.001413s ]
INFO: [ app_begin ] --END-- [ RunTime:0.001526s ]
NOTIC: [2048] Declaration of Common\Model\NewsModel::find() should be compatible with that of Think\Model::find() D:\software\phpStudy\WWW\singcms\Application\Common\Model\NewsModel.class.php 第 9 行.
SQL: SHOW COLUMNS FROM `cms_news` [ RunTime:0.0396s ]
SQL: SELECT * FROM `cms_news` WHERE `status` = 1 ORDER BY count desc LIMIT 1   [ RunTime:0.0004s ]
SQL: SELECT COUNT(*) AS tp_count FROM `cms_news` WHERE `status` <> -1 LIMIT 1   [ RunTime:0.0004s ]
NOTIC: [2048] Declaration of Common\Model\PositionModel::find() should be compatible with that of Think\Model::find() D:\software\phpStudy\WWW\singcms\Application\Common\Model\PositionModel.class.php 第 81 行.
SQL: SHOW COLUMNS FROM `cms_position` [ RunTime:0.0231s ]
SQL: SELECT COUNT(*) AS tp_count FROM `cms_position` WHERE `status` = 1 LIMIT 1   [ RunTime:0.0004s ]
SQL: SHOW COLUMNS FROM `cms_admin` [ RunTime:0.0252s ]
SQL: SELECT COUNT(*) AS tp_count FROM `cms_admin` WHERE `status` = 1 AND `lastlogintime` > 1530460800 LIMIT 1   [ RunTime:0.0003s ]
INFO: [ view_parse ] --START--
INFO: [ template_filter ] --START--
INFO: Run Behavior\ContentReplaceBehavior [ RunTime:0.000111s ]
INFO: [ template_filter ] --END-- [ RunTime:0.000247s ]
NOTIC: [2048] Declaration of Common\Model\MenuModel::find() should be compatible with that of Think\Model::find() D:\software\phpStudy\WWW\singcms\Application\Common\Model\MenuModel.class.php 第 92 行.
SQL: SHOW COLUMNS FROM `cms_menu` [ RunTime:0.0246s ]
SQL: SELECT * FROM `cms_menu` WHERE `status` <> -1 AND `type` = 1 ORDER BY listorder desc,menu_id desc  [ RunTime:0.0004s ]
NOTIC: [8] Undefined index: a D:\software\phpStudy\WWW\singcms\Application\Common\Common\function.php 第 33 行.
NOTIC: [8] Undefined index: a D:\software\phpStudy\WWW\singcms\Application\Common\Common\function.php 第 33 行.
NOTIC: [8] Undefined index: a D:\software\phpStudy\WWW\singcms\Application\Common\Common\function.php 第 33 行.
NOTIC: [8] Undefined index: a D:\software\phpStudy\WWW\singcms\Application\Common\Common\function.php 第 33 行.
NOTIC: [8] Undefined index: a D:\software\phpStudy\WWW\singcms\Application\Common\Common\function.php 第 33 行.
NOTIC: [8] Undefined index: a D:\software\phpStudy\WWW\singcms\Application\Common\Common\function.php 第 33 行.
INFO: Run Behavior\ParseTemplateBehavior [ RunTime:0.061552s ]
INFO: [ view_parse ] --END-- [ RunTime:0.061621s ]
INFO: [ view_filter ] --START--
INFO: Run Behavior\WriteHtmlCacheBehavior [ RunTime:0.000983s ]
INFO: [ view_filter ] --END-- [ RunTime:0.001065s ]
INFO: [ app_end ] --START--
INFO: Run Behavior\ShowPageTraceBehavior [ RunTime:0.001434s ]
INFO: [ app_end ] --END-- [ RunTime:0.001540s ]

[ 2018-07-02T09:08:17+08:00 ] ::1 /admin.php?c=menu
INFO: [ app_init ] --START--
INFO: Run Behavior\BuildLiteBehavior [ RunTime:0.000018s ]
INFO: [ app_init ] --END-- [ RunTime:0.000522s ]
INFO: [ app_begin ] --START--
INFO: Run Behavior\ReadHtmlCacheBehavior [ RunTime:0.000560s ]
INFO: [ app_begin ] --END-- [ RunTime:0.000632s ]
NOTIC: [2048] Declaration of Admin\Controller\MenuController::setStatus() should be compatible with that of Admin\Controller\CommonController::setStatus() D:\software\phpStudy\WWW\singcms\Application\Admin\Controller\MenuController.class.php 第 9 行.
NOTIC: [2048] Declaration of Admin\Controller\MenuController::listorder() should be compatible with that of Admin\Controller\CommonController::listorder() D:\software\phpStudy\WWW\singcms\Application\Admin\Controller\MenuController.class.php 第 9 行.
NOTIC: [8] Undefined index: p D:\software\phpStudy\WWW\singcms\Application\Admin\Controller\MenuController.class.php 第 51 行.
NOTIC: [8] Undefined index: pageSize D:\software\phpStudy\WWW\singcms\Application\Admin\Controller\MenuController.class.php 第 52 行.
NOTIC: [2048] Declaration of Common\Model\MenuModel::find() should be compatible with that of Think\Model::find() D:\software\phpStudy\WWW\singcms\Application\Common\Model\MenuModel.class.php 第 5 行.
SQL: SHOW COLUMNS FROM `cms_menu` [ RunTime:0.0241s ]
SQL: SELECT * FROM `cms_menu` WHERE `status` <> -1 ORDER BY listorder desc,menu_id desc LIMIT 0,3   [ RunTime:0.0005s ]
SQL: SELECT COUNT(*) AS tp_count FROM `cms_menu` WHERE `status` <> -1 LIMIT 1   [ RunTime:0.0003s ]
NOTIC: [8] Undefined variable: sing_path D:\software\phpStudy\WWW\singcms\ThinkPHP\Common\functions.php 第 991 行.
INFO: [ view_parse ] --START--
INFO: [ template_filter ] --START--
INFO: Run Behavior\ContentReplaceBehavior [ RunTime:0.000063s ]
INFO: [ template_filter ] --END-- [ RunTime:0.000127s ]
SQL: SELECT * FROM `cms_menu` WHERE `status` <> -1 AND `type` = 1 ORDER BY listorder desc,menu_id desc  [ RunTime:0.0005s ]
NOTIC: [8] Undefined index: a D:\software\phpStudy\WWW\singcms\Application\Common\Common\function.php 第 33 行.
NOTIC: [8] Undefined index: a D:\software\phpStudy\WWW\singcms\Application\Common\Common\function.php 第 33 行.
NOTIC: [8] Undefined index: a D:\software\phpStudy\WWW\singcms\Application\Common\Common\function.php 第 33 行.
NOTIC: [8] Undefined index: a D:\software\phpStudy\WWW\singcms\Application\Common\Common\function.php 第 33 行.
NOTIC: [8] Undefined index: a D:\software\phpStudy\WWW\singcms\Application\Common\Common\function.php 第 33 行.
NOTIC: [8] Undefined index: a D:\software\phpStudy\WWW\singcms\Application\Common\Common\function.php 第 33 行.
NOTIC: [8] Undefined variable: nav D:\software\phpStudy\WWW\singcms\Application\Runtime\Cache\Admin\b956215329b6f9aca22277599a4efdfc.php 第 101 行.
INFO: Run Behavior\ParseTemplateBehavior [ RunTime:0.013902s ]
INFO: [ view_parse ] --END-- [ RunTime:0.013962s ]
INFO: [ view_filter ] --START--
INFO: Run Behavior\WriteHtmlCacheBehavior [ RunTime:0.000773s ]
INFO: [ view_filter ] --END-- [ RunTime:0.000822s ]
INFO: [ app_end ] --START--
INFO: Run Behavior\ShowPageTraceBehavior [ RunTime:0.001779s ]
INFO: [ app_end ] --END-- [ RunTime:0.001871s ]

[ 2018-07-02T09:08:18+08:00 ] ::1 /admin.php?c=content
INFO: [ app_init ] --START--
INFO: Run Behavior\BuildLiteBehavior [ RunTime:0.000016s ]
INFO: [ app_init ] --END-- [ RunTime:0.000494s ]
INFO: [ app_begin ] --START--
INFO: Run Behavior\ReadHtmlCacheBehavior [ RunTime:0.000527s ]
INFO: [ app_begin ] --END-- [ RunTime:0.000601s ]
NOTIC: [2048] Declaration of Admin\Controller\ContentController::setStatus() should be compatible with that of Admin\Controller\CommonController::setStatus() D:\software\phpStudy\WWW\singcms\Application\Admin\Controller\ContentController.class.php 第 12 行.
NOTIC: [2048] Declaration of Admin\Controller\ContentController::listorder() should be compatible with that of Admin\Controller\CommonController::listorder() D:\software\phpStudy\WWW\singcms\Application\Admin\Controller\ContentController.class.php 第 12 行.
NOTIC: [8] Undefined index: title D:\software\phpStudy\WWW\singcms\Application\Admin\Controller\ContentController.class.php 第 16 行.
NOTIC: [8] Undefined index: catid D:\software\phpStudy\WWW\singcms\Application\Admin\Controller\ContentController.class.php 第 20 行.
NOTIC: [8] Undefined index: p D:\software\phpStudy\WWW\singcms\Application\Admin\Controller\ContentController.class.php 第 24 行.
NOTIC: [2048] Declaration of Common\Model\NewsModel::find() should be compatible with that of Think\Model::find() D:\software\phpStudy\WWW\singcms\Application\Common\Model\NewsModel.class.php 第 9 行.
SQL: SHOW COLUMNS FROM `cms_news` [ RunTime:0.0342s ]
SQL: SELECT * FROM `cms_news` WHERE `status` <> -1 ORDER BY listorder desc ,news_id desc LIMIT 0,10   [ RunTime:0.0004s ]
SQL: SELECT COUNT(*) AS tp_count FROM `cms_news` WHERE `status` <> -1 LIMIT 1   [ RunTime:0.0002s ]
NOTIC: [8] Undefined variable: sing_path D:\software\phpStudy\WWW\singcms\ThinkPHP\Common\functions.php 第 991 行.
NOTIC: [2048] Declaration of Common\Model\PositionModel::find() should be compatible with that of Think\Model::find() D:\software\phpStudy\WWW\singcms\Application\Common\Model\PositionModel.class.php 第 81 行.
SQL: SHOW COLUMNS FROM `cms_position` [ RunTime:0.0203s ]
SQL: SELECT * FROM `cms_position` WHERE `status` = 1 ORDER BY id  [ RunTime:0.0004s ]
NOTIC: [2048] Declaration of Common\Model\MenuModel::find() should be compatible with that of Think\Model::find() D:\software\phpStudy\WWW\singcms\Application\Common\Model\MenuModel.class.php 第 92 行.
SQL: SHOW COLUMNS FROM `cms_menu` [ RunTime:0.0211s ]
SQL: SELECT * FROM `cms_menu` WHERE `status` = 1 AND `type` = 0 ORDER BY listorder desc,menu_id desc  [ RunTime:0.0004s ]
INFO: [ view_parse ] --START--
INFO: [ template_filter ] --START--
INFO: Run Behavior\ContentReplaceBehavior [ RunTime:0.000070s ]
INFO: [ template_filter ] --END-- [ RunTime:0.000160s ]
SQL: SELECT * FROM `cms_menu` WHERE `status` <> -1 AND `type` = 1 ORDER BY listorder desc,menu_id desc  [ RunTime:0.0004s ]
NOTIC: [8] Undefined index: a D:\software\phpStudy\WWW\singcms\Application\Common\Common\function.php 第 33 行.
NOTIC: [8] Undefined index: a D:\software\phpStudy\WWW\singcms\Application\Common\Common\function.php 第 33 行.
NOTIC: [8] Undefined index: a D:\software\phpStudy\WWW\singcms\Application\Common\Common\function.php 第 33 行.
NOTIC: [8] Undefined index: a D:\software\phpStudy\WWW\singcms\Application\Common\Common\function.php 第 33 行.
NOTIC: [8] Undefined index: a D:\software\phpStudy\WWW\singcms\Application\Common\Common\function.php 第 33 行.
NOTIC: [8] Undefined index: a D:\software\phpStudy\WWW\singcms\Application\Common\Common\function.php 第 33 行.
INFO: Run Behavior\ParseTemplateBehavior [ RunTime:0.058338s ]
INFO: [ view_parse ] --END-- [ RunTime:0.058437s ]
INFO: [ view_filter ] --START--
INFO: Run Behavior\WriteHtmlCacheBehavior [ RunTime:0.000882s ]
INFO: [ view_filter ] --END-- [ RunTime:0.000943s ]
INFO: [ app_end ] --START--
INFO: Run Behavior\ShowPageTraceBehavior [ RunTime:0.001493s ]
INFO: [ app_end ] --END-- [ RunTime:0.001576s ]

[ 2018-07-02T09:08:18+08:00 ] ::1 /admin.php?c=position
INFO: [ app_init ] --START--
INFO: Run Behavior\BuildLiteBehavior [ RunTime:0.000015s ]
INFO: [ app_init ] --END-- [ RunTime:0.000444s ]
INFO: [ app_begin ] --START--
INFO: Run Behavior\ReadHtmlCacheBehavior [ RunTime:0.000511s ]
INFO: [ app_begin ] --END-- [ RunTime:0.000587s ]
NOTIC: [2048] Declaration of Admin\Controller\PositionController::setStatus() should be compatible with that of Admin\Controller\CommonController::setStatus() D:\software\phpStudy\WWW\singcms\Application\Admin\Controller\PositionController.class.php 第 7 行.
NOTIC: [2048] Declaration of Common\Model\PositionModel::find() should be compatible with that of Think\Model::find() D:\software\phpStudy\WWW\singcms\Application\Common\Model\PositionModel.class.php 第 9 行.
SQL: SHOW COLUMNS FROM `cms_position` [ RunTime:0.0247s ]
SQL: SELECT * FROM `cms_position` WHERE `status` <> -1 ORDER BY id  [ RunTime:0.0003s ]
INFO: [ view_parse ] --START--
INFO: [ template_filter ] --START--
INFO: Run Behavior\ContentReplaceBehavior [ RunTime:0.000078s ]
INFO: [ template_filter ] --END-- [ RunTime:0.000163s ]
NOTIC: [2048] Declaration of Common\Model\MenuModel::find() should be compatible with that of Think\Model::find() D:\software\phpStudy\WWW\singcms\Application\Common\Model\MenuModel.class.php 第 92 行.
SQL: SHOW COLUMNS FROM `cms_menu` [ RunTime:0.0183s ]
SQL: SELECT * FROM `cms_menu` WHERE `status` <> -1 AND `type` = 1 ORDER BY listorder desc,menu_id desc  [ RunTime:0.0004s ]
NOTIC: [8] Undefined index: a D:\software\phpStudy\WWW\singcms\Application\Common\Common\function.php 第 33 行.
NOTIC: [8] Undefined index: a D:\software\phpStudy\WWW\singcms\Application\Common\Common\function.php 第 33 行.
NOTIC: [8] Undefined index: a D:\software\phpStudy\WWW\singcms\Application\Common\Common\function.php 第 33 行.
NOTIC: [8] Undefined index: a D:\software\phpStudy\WWW\singcms\Application\Common\Common\function.php 第 33 行.
NOTIC: [8] Undefined index: a D:\software\phpStudy\WWW\singcms\Application\Common\Common\function.php 第 33 行.
NOTIC: [8] Undefined index: a D:\software\phpStudy\WWW\singcms\Application\Common\Common\function.php 第 33 行.
INFO: Run Behavior\ParseTemplateBehavior [ RunTime:0.031863s ]
INFO: [ view_parse ] --END-- [ RunTime:0.031926s ]
INFO: [ view_filter ] --START--
INFO: Run Behavior\WriteHtmlCacheBehavior [ RunTime:0.001026s ]
INFO: [ view_filter ] --END-- [ RunTime:0.001091s ]
INFO: [ app_end ] --START--
INFO: Run Behavior\ShowPageTraceBehavior [ RunTime:0.001158s ]
INFO: [ app_end ] --END-- [ RunTime:0.001234s ]

[ 2018-07-02T09:08:19+08:00 ] ::1 /admin.php?c=positioncontent
INFO: [ app_init ] --START--
INFO: Run Behavior\BuildLiteBehavior [ RunTime:0.000014s ]
INFO: [ app_init ] --END-- [ RunTime:0.000428s ]
INFO: [ app_begin ] --START--
INFO: Run Behavior\ReadHtmlCacheBehavior [ RunTime:0.000572s ]
INFO: [ app_begin ] --END-- [ RunTime:0.000645s ]
NOTIC: [2048] Declaration of Admin\Controller\PositioncontentController::setStatus() should be compatible with that of Admin\Controller\CommonController::setStatus() D:\software\phpStudy\WWW\singcms\Application\Admin\Controller\PositioncontentController.class.php 第 9 行.
NOTIC: [2048] Declaration of Admin\Controller\PositioncontentController::listorder() should be compatible with that of Admin\Controller\CommonController::listorder() D:\software\phpStudy\WWW\singcms\Application\Admin\Controller\PositioncontentController.class.php 第 9 行.
NOTIC: [2048] Declaration of Common\Model\PositionModel::find() should be compatible with that of Think\Model::find() D:\software\phpStudy\WWW\singcms\Application\Common\Model\PositionModel.class.php 第 9 行.
SQL: SHOW COLUMNS FROM `cms_position` [ RunTime:0.0230s ]
SQL: SELECT * FROM `cms_position` WHERE `status` = 1 ORDER BY id  [ RunTime:0.0004s ]
NOTIC: [8] Undefined index: title D:\software\phpStudy\WWW\singcms\Application\Admin\Controller\PositioncontentController.class.php 第 14 行.
NOTIC: [8] Undefined index: position_id D:\software\phpStudy\WWW\singcms\Application\Admin\Controller\PositioncontentController.class.php 第 18 行.
NOTIC: [2048] Declaration of Common\Model\PositionContentModel::find() should be compatible with that of Think\Model::find() D:\software\phpStudy\WWW\singcms\Application\Common\Model\PositionContentModel.class.php 第 89 行.
SQL: SHOW COLUMNS FROM `cms_position_content` [ RunTime:0.0215s ]
NOTIC: [8] Undefined index: title D:\software\phpStudy\WWW\singcms\Application\Common\Model\PositionContentModel.class.php 第 18 行.
SQL: SELECT * FROM `cms_position_content` WHERE `status` <> -1 AND `position_id` = 2 ORDER BY listorder desc ,id desc  [ RunTime:0.0004s ]
INFO: [ view_parse ] --START--
INFO: [ template_filter ] --START--
INFO: Run Behavior\ContentReplaceBehavior [ RunTime:0.000061s ]
INFO: [ template_filter ] --END-- [ RunTime:0.000125s ]
NOTIC: [2048] Declaration of Common\Model\MenuModel::find() should be compatible with that of Think\Model::find() D:\software\phpStudy\WWW\singcms\Application\Common\Model\MenuModel.class.php 第 92 行.
SQL: SHOW COLUMNS FROM `cms_menu` [ RunTime:0.0214s ]
SQL: SELECT * FROM `cms_menu` WHERE `status` <> -1 AND `type` = 1 ORDER BY listorder desc,menu_id desc  [ RunTime:0.0004s ]
NOTIC: [8] Undefined index: a D:\software\phpStudy\WWW\singcms\Application\Common\Common\function.php 第 33 行.
NOTIC: [8] Undefined index: a D:\software\phpStudy\WWW\singcms\Application\Common\Common\function.php 第 33 行.
NOTIC: [8] Undefined index: a D:\software\phpStudy\WWW\singcms\Application\Common\Common\function.php 第 33 行.
NOTIC: [8] Undefined index: a D:\software\phpStudy\WWW\singcms\Application\Common\Common\function.php 第 33 行.
NOTIC: [8] Undefined index: a D:\software\phpStudy\WWW\singcms\Application\Common\Common\function.php 第 33 行.
NOTIC: [8] Undefined index: a D:\software\phpStudy\WWW\singcms\Application\Common\Common\function.php 第 33 行.
NOTIC: [8] Undefined variable: title D:\software\phpStudy\WWW\singcms\Application\Runtime\Cache\Admin\b8a8b9d170e6c07d7b463ea02385894d.php 第 120 行.
INFO: Run Behavior\ParseTemplateBehavior [ RunTime:0.075154s ]
INFO: [ view_parse ] --END-- [ RunTime:0.075219s ]
INFO: [ view_filter ] --START--
INFO: Run Behavior\WriteHtmlCacheBehavior [ RunTime:0.000801s ]
INFO: [ view_filter ] --END-- [ RunTime:0.000851s ]
INFO: [ app_end ] --START--
INFO: Run Behavior\ShowPageTraceBehavior [ RunTime:0.001363s ]
INFO: [ app_end ] --END-- [ RunTime:0.001437s ]

[ 2018-07-02T09:08:20+08:00 ] ::1 /admin.php?c=admin
INFO: [ app_init ] --START--
INFO: Run Behavior\BuildLiteBehavior [ RunTime:0.000014s ]
INFO: [ app_init ] --END-- [ RunTime:0.000466s ]
INFO: [ app_begin ] --START--
INFO: Run Behavior\ReadHtmlCacheBehavior [ RunTime:0.000587s ]
INFO: [ app_begin ] --END-- [ RunTime:0.000647s ]
NOTIC: [2048] Declaration of Admin\Controller\AdminController::setStatus() should be compatible with that of Admin\Controller\CommonController::setStatus() D:\software\phpStudy\WWW\singcms\Application\Admin\Controller\AdminController.class.php 第 9 行.
SQL: SHOW COLUMNS FROM `cms_admin` [ RunTime:0.0291s ]
SQL: SELECT * FROM `cms_admin` WHERE `status` <> -1 ORDER BY admin_id desc  [ RunTime:0.0004s ]
INFO: [ view_parse ] --START--
INFO: [ template_filter ] --START--
INFO: Run Behavior\ContentReplaceBehavior [ RunTime:0.000058s ]
INFO: [ template_filter ] --END-- [ RunTime:0.000116s ]
NOTIC: [2048] Declaration of Common\Model\MenuModel::find() should be compatible with that of Think\Model::find() D:\software\phpStudy\WWW\singcms\Application\Common\Model\MenuModel.class.php 第 92 行.
SQL: SHOW COLUMNS FROM `cms_menu` [ RunTime:0.0216s ]
SQL: SELECT * FROM `cms_menu` WHERE `status` <> -1 AND `type` = 1 ORDER BY listorder desc,menu_id desc  [ RunTime:0.0004s ]
NOTIC: [8] Undefined index: a D:\software\phpStudy\WWW\singcms\Application\Common\Common\function.php 第 33 行.
NOTIC: [8] Undefined index: a D:\software\phpStudy\WWW\singcms\Application\Common\Common\function.php 第 33 行.
NOTIC: [8] Undefined index: a D:\software\phpStudy\WWW\singcms\Application\Common\Common\function.php 第 33 行.
NOTIC: [8] Undefined index: a D:\software\phpStudy\WWW\singcms\Application\Common\Common\function.php 第 33 行.
NOTIC: [8] Undefined index: a D:\software\phpStudy\WWW\singcms\Application\Common\Common\function.php 第 33 行.
NOTIC: [8] Undefined index: a D:\software\phpStudy\WWW\singcms\Application\Common\Common\function.php 第 33 行.
NOTIC: [8] Undefined variable: nav D:\software\phpStudy\WWW\singcms\Application\Runtime\Cache\Admin\b682812e058c4f7cab74d08ab9eabe11.php 第 101 行.
INFO: Run Behavior\ParseTemplateBehavior [ RunTime:0.035684s ]
INFO: [ view_parse ] --END-- [ RunTime:0.035755s ]
INFO: [ view_filter ] --START--
INFO: Run Behavior\WriteHtmlCacheBehavior [ RunTime:0.000851s ]
INFO: [ view_filter ] --END-- [ RunTime:0.000904s ]
INFO: [ app_end ] --START--
INFO: Run Behavior\ShowPageTraceBehavior [ RunTime:0.001146s ]
INFO: [ app_end ] --END-- [ RunTime:0.001205s ]

[ 2018-07-02T09:08:21+08:00 ] ::1 /admin.php?c=basic
INFO: [ app_init ] --START--
INFO: Run Behavior\BuildLiteBehavior [ RunTime:0.000016s ]
INFO: [ app_init ] --END-- [ RunTime:0.000475s ]
INFO: [ app_begin ] --START--
INFO: Run Behavior\ReadHtmlCacheBehavior [ RunTime:0.000990s ]
INFO: [ app_begin ] --END-- [ RunTime:0.001113s ]
NOTIC: [2048] Declaration of Common\Model\BasicModel::save() should be compatible with that of Think\Model::save() D:\software\phpStudy\WWW\singcms\Application\Common\Model\BasicModel.class.php 第 9 行.
NOTIC: [2048] Declaration of Common\Model\BasicModel::select() should be compatible with that of Think\Model::select() D:\software\phpStudy\WWW\singcms\Application\Common\Model\BasicModel.class.php 第 9 行.
INFO: [ view_parse ] --START--
INFO: [ template_filter ] --START--
INFO: Run Behavior\ContentReplaceBehavior [ RunTime:0.000057s ]
INFO: [ template_filter ] --END-- [ RunTime:0.000125s ]
NOTIC: [2048] Declaration of Common\Model\MenuModel::find() should be compatible with that of Think\Model::find() D:\software\phpStudy\WWW\singcms\Application\Common\Model\MenuModel.class.php 第 92 行.
SQL: SHOW COLUMNS FROM `cms_menu` [ RunTime:0.0255s ]
SQL: SELECT * FROM `cms_menu` WHERE `status` <> -1 AND `type` = 1 ORDER BY listorder desc,menu_id desc  [ RunTime:0.0004s ]
NOTIC: [8] Undefined index: a D:\software\phpStudy\WWW\singcms\Application\Common\Common\function.php 第 33 行.
NOTIC: [8] Undefined index: a D:\software\phpStudy\WWW\singcms\Application\Common\Common\function.php 第 33 行.
NOTIC: [8] Undefined index: a D:\software\phpStudy\WWW\singcms\Application\Common\Common\function.php 第 33 行.
NOTIC: [8] Undefined index: a D:\software\phpStudy\WWW\singcms\Application\Common\Common\function.php 第 33 行.
NOTIC: [8] Undefined index: a D:\software\phpStudy\WWW\singcms\Application\Common\Common\function.php 第 33 行.
NOTIC: [8] Undefined index: a D:\software\phpStudy\WWW\singcms\Application\Common\Common\function.php 第 33 行.
INFO: Run Behavior\ParseTemplateBehavior [ RunTime:0.043997s ]
INFO: [ view_parse ] --END-- [ RunTime:0.044069s ]
INFO: [ view_filter ] --START--
INFO: Run Behavior\WriteHtmlCacheBehavior [ RunTime:0.000906s ]
INFO: [ view_filter ] --END-- [ RunTime:0.000961s ]
INFO: [ app_end ] --START--
INFO: Run Behavior\ShowPageTraceBehavior [ RunTime:0.001181s ]
INFO: [ app_end ] --END-- [ RunTime:0.001239s ]

